c:\users\zwo\source\repos\final\final\debug\vc141.pdb
c:\users\zwo\source\repos\final\final\debug\vc141.idb
c:\users\zwo\source\repos\final\final\debug\camera.obj
c:\users\zwo\source\repos\final\final\debug\drawable.obj
c:\users\zwo\source\repos\final\final\debug\initshader.obj
c:\users\zwo\source\repos\final\final\debug\sphere.obj
c:\users\zwo\source\repos\final\final\debug\main.obj
c:\users\zwo\source\repos\final\final\debug\subdividedsphere.obj
c:\users\zwo\source\repos\final\final\debug\ground.obj
c:\users\zwo\source\repos\final\final\debug\sidecamera.obj
c:\users\zwo\source\repos\final\final\debug\skyboxcube.obj
c:\users\zwo\source\repos\final\final\debug\skyplane.obj
c:\users\zwo\source\repos\final\debug\final.exe
c:\users\zwo\source\repos\final\debug\final.ilk
c:\users\zwo\source\repos\final\debug\final.pdb
c:\users\zwo\source\repos\final\final\debug\final.tlog\cl.command.1.tlog
c:\users\zwo\source\repos\final\final\debug\final.tlog\cl.read.1.tlog
c:\users\zwo\source\repos\final\final\debug\final.tlog\cl.write.1.tlog
c:\users\zwo\source\repos\final\final\debug\final.tlog\link.command.1.tlog
c:\users\zwo\source\repos\final\final\debug\final.tlog\link.read.1.tlog
c:\users\zwo\source\repos\final\final\debug\final.tlog\link.write.1.tlog
